=== Audit généralisé démarré le 2025-09-07T05:19:39.965Z ===
   C:\Users\thoma\OneDrive\SONEAR 2025\taggerlpl-nextjs\src
   C:\Users\thoma\OneDrive\SONEAR 2025\taggerlpl-nextjs\src\app
   C:\Users\thoma\OneDrive\SONEAR 2025\taggerlpl-nextjs\src\app\(protected)
   C:\Users\thoma\OneDrive\SONEAR 2025\taggerlpl-nextjs\src\app\(protected)\analysis
   C:\Users\thoma\OneDrive\SONEAR 2025\taggerlpl-nextjs\src\app\(protected)\analysis\components
   C:\Users\thoma\OneDrive\SONEAR 2025\taggerlpl-nextjs\src\app\(protected)\analysis\components\AlgorithmLab
   C:\Users\thoma\OneDrive\SONEAR 2025\taggerlpl-nextjs\src\app\(protected)\analysis\components\AlgorithmLab\algorithms
   C:\Users\thoma\OneDrive\SONEAR 2025\taggerlpl-nextjs\src\app\(protected)\analysis\components\AlgorithmLab\algorithms\level1\M1Algorithms
   C:\Users\thoma\OneDrive\SONEAR 2025\taggerlpl-nextjs\src\app\(protected)\analysis\components\AlgorithmLab\algorithms\level1\M2Algorithms
   C:\Users\thoma\OneDrive\SONEAR 2025\taggerlpl-nextjs\src\app\(protected)\analysis\components\AlgorithmLab\algorithms\level1\M2Algorithms\shared
   C:\Users\thoma\OneDrive\SONEAR 2025\taggerlpl-nextjs\src\app\(protected)\analysis\components\AlgorithmLab\algorithms\level1\M3Algorithms
   C:\Users\thoma\OneDrive\SONEAR 2025\taggerlpl-nextjs\src\app\(protected)\analysis\components\AlgorithmLab\algorithms\level1\XAlgorithms
   C:\Users\thoma\OneDrive\SONEAR 2025\taggerlpl-nextjs\src\app\(protected)\analysis\components\AlgorithmLab\algorithms\level1\XAlgorithms\shared
   C:\Users\thoma\OneDrive\SONEAR 2025\taggerlpl-nextjs\src\app\(protected)\analysis\components\AlgorithmLab\algorithms\level1\YAlgorithms
   C:\Users\thoma\OneDrive\SONEAR 2025\taggerlpl-nextjs\src\app\(protected)\analysis\components\AlgorithmLab\algorithms\level1\YAlgorithms\shared
   C:\Users\thoma\OneDrive\SONEAR 2025\taggerlpl-nextjs\src\app\(protected)\analysis\components\AlgorithmLab\algorithms\level1\conseillerclassifiers
   C:\Users\thoma\OneDrive\SONEAR 2025\taggerlpl-nextjs\src\app\(protected)\analysis\components\AlgorithmLab\algorithms\level1\shared
   C:\Users\thoma\OneDrive\SONEAR 2025\taggerlpl-nextjs\src\app\(protected)\analysis\components\AlgorithmLab\components\Level1
   C:\Users\thoma\OneDrive\SONEAR 2025\taggerlpl-nextjs\src\app\(protected)\analysis\components\AlgorithmLab\components\Level1\algorithms
   C:\Users\thoma\OneDrive\SONEAR 2025\taggerlpl-nextjs\src\app\(protected)\analysis\components\AlgorithmLab\components\Level1\algorithms\M3Calculators
   C:\Users\thoma\OneDrive\SONEAR 2025\taggerlpl-nextjs\src\app\(protected)\analysis\components\AlgorithmLab\components\Level1\algorithms\shared\classification
   C:\Users\thoma\OneDrive\SONEAR 2025\taggerlpl-nextjs\src\app\(protected)\analysis\components\AlgorithmLab\components\Level1\comparison
   C:\Users\thoma\OneDrive\SONEAR 2025\taggerlpl-nextjs\src\app\(protected)\analysis\components\AlgorithmLab\components\Level1\individual
   C:\Users\thoma\OneDrive\SONEAR 2025\taggerlpl-nextjs\src\app\(protected)\analysis\components\AlgorithmLab\components\Level1\individual\TechnicalValidation
   C:\Users\thoma\OneDrive\SONEAR 2025\taggerlpl-nextjs\src\app\(protected)\analysis\components\AlgorithmLab\components\Level1\shared\results\base
   C:\Users\thoma\OneDrive\SONEAR 2025\taggerlpl-nextjs\src\app\(protected)\analysis\components\AlgorithmLab\components\Level1\shared\results\base\ResultsSample
   C:\Users\thoma\OneDrive\SONEAR 2025\taggerlpl-nextjs\src\app\(protected)\analysis\components\AlgorithmLab\components\Level1\shared\results\base\ResultsSample\components
   C:\Users\thoma\OneDrive\SONEAR 2025\taggerlpl-nextjs\src\app\(protected)\analysis\components\AlgorithmLab\components\Level1\shared\results\base\ResultsSample\components\FineTuningDialog
   C:\Users\thoma\OneDrive\SONEAR 2025\taggerlpl-nextjs\src\app\(protected)\analysis\components\AlgorithmLab\components\Level1\shared\results\m
   C:\Users\thoma\OneDrive\SONEAR 2025\taggerlpl-nextjs\src\app\(protected)\analysis\components\AlgorithmLab\components\Level1\shared\results\x
   C:\Users\thoma\OneDrive\SONEAR 2025\taggerlpl-nextjs\src\app\(protected)\analysis\components\AlgorithmLab\components\Level2
   C:\Users\thoma\OneDrive\SONEAR 2025\taggerlpl-nextjs\src\app\(protected)\analysis\components\AlgorithmLab\components\Level2\config
   C:\Users\thoma\OneDrive\SONEAR 2025\taggerlpl-nextjs\src\app\(protected)\analysis\components\AlgorithmLab\components\Level2\shared
   C:\Users\thoma\OneDrive\SONEAR 2025\taggerlpl-nextjs\src\app\(protected)\analysis\components\AlgorithmLab\components\Level2\validation
   C:\Users\thoma\OneDrive\SONEAR 2025\taggerlpl-nextjs\src\app\(protected)\analysis\components\AlgorithmLab\components\shared
   C:\Users\thoma\OneDrive\SONEAR 2025\taggerlpl-nextjs\src\app\(protected)\analysis\components\AlgorithmLab\docs\types
   C:\Users\thoma\OneDrive\SONEAR 2025\taggerlpl-nextjs\src\app\(protected)\analysis\components\AlgorithmLab\hooks
   C:\Users\thoma\OneDrive\SONEAR 2025\taggerlpl-nextjs\src\app\(protected)\analysis\components\AlgorithmLab\hooks\level1
   C:\Users\thoma\OneDrive\SONEAR 2025\taggerlpl-nextjs\src\app\(protected)\analysis\components\AlgorithmLab\types
   C:\Users\thoma\OneDrive\SONEAR 2025\taggerlpl-nextjs\src\app\(protected)\analysis\components\AlgorithmLab\types\algorithms
   C:\Users\thoma\OneDrive\SONEAR 2025\taggerlpl-nextjs\src\app\(protected)\analysis\components\AlgorithmLab\types\core
   C:\Users\thoma\OneDrive\SONEAR 2025\taggerlpl-nextjs\src\app\(protected)\analysis\components\AlgorithmLab\types\ui
   C:\Users\thoma\OneDrive\SONEAR 2025\taggerlpl-nextjs\src\app\(protected)\analysis\components\AlgorithmLab\types\utils
   C:\Users\thoma\OneDrive\SONEAR 2025\taggerlpl-nextjs\src\app\(protected)\analysis\components\cognitive-metrics
   C:\Users\thoma\OneDrive\SONEAR 2025\taggerlpl-nextjs\src\app\(protected)\analysis\components\cognitive-metrics\components
   C:\Users\thoma\OneDrive\SONEAR 2025\taggerlpl-nextjs\src\app\(protected)\analysis\components\cognitive-metrics\hooks
   C:\Users\thoma\OneDrive\SONEAR 2025\taggerlpl-nextjs\src\app\(protected)\analysis\components\cognitive-metrics\indicators\FluiditeCognitiveIndicator
   C:\Users\thoma\OneDrive\SONEAR 2025\taggerlpl-nextjs\src\app\(protected)\analysis\components\cognitive-metrics\indicators\FluiditeCognitiveIndicator\algorithms
   C:\Users\thoma\OneDrive\SONEAR 2025\taggerlpl-nextjs\src\app\(protected)\analysis\components\cognitive-metrics\indicators\FluiditeCognitiveIndicator\hooks
   C:\Users\thoma\OneDrive\SONEAR 2025\taggerlpl-nextjs\src\app\(protected)\analysis\components\cognitive-metrics\migration
   C:\Users\thoma\OneDrive\SONEAR 2025\taggerlpl-nextjs\src\app\(protected)\analysis\components\li-metrics
   C:\Users\thoma\OneDrive\SONEAR 2025\taggerlpl-nextjs\src\app\(protected)\analysis\components\li-metrics\indicators\CommonGroundIndicator
   C:\Users\thoma\OneDrive\SONEAR 2025\taggerlpl-nextjs\src\app\(protected)\analysis\components\li-metrics\indicators\FeedbackAlignementIndicator
   C:\Users\thoma\OneDrive\SONEAR 2025\taggerlpl-nextjs\src\app\(protected)\analysis\components\li-metrics\indicators\FeedbackAlignementIndicator\algorithms
   C:\Users\thoma\OneDrive\SONEAR 2025\taggerlpl-nextjs\src\app\(protected)\analysis\components\li-metrics\indicators\FeedbackAlignementIndicator\components\algorithm-specific
   C:\Users\thoma\OneDrive\SONEAR 2025\taggerlpl-nextjs\src\app\(protected)\analysis\components\li-metrics\indicators\FeedbackAlignementIndicator\components\tabs
   C:\Users\thoma\OneDrive\SONEAR 2025\taggerlpl-nextjs\src\app\(protected)\analysis\components\li-metrics\indicators\FeedbackAlignementIndicator\components\tabs\AlgorithmLabTab
   C:\Users\thoma\OneDrive\SONEAR 2025\taggerlpl-nextjs\src\app\(protected)\analysis\components\li-metrics\indicators\FeedbackAlignementIndicator\components\tabs\AlgorithmLabTab\hooks
   C:\Users\thoma\OneDrive\SONEAR 2025\taggerlpl-nextjs\src\app\(protected)\analysis\components\li-metrics\indicators\FeedbackAlignementIndicator\hooks
   C:\Users\thoma\OneDrive\SONEAR 2025\taggerlpl-nextjs\src\app\(protected)\analysis\components\metrics-framework
   C:\Users\thoma\OneDrive\SONEAR 2025\taggerlpl-nextjs\src\app\(protected)\analysis\components\metrics-framework\components
   C:\Users\thoma\OneDrive\SONEAR 2025\taggerlpl-nextjs\src\app\(protected)\analysis\components\metrics-framework\core
   C:\Users\thoma\OneDrive\SONEAR 2025\taggerlpl-nextjs\src\app\(protected)\analysis\components\metrics-framework\core\types
   C:\Users\thoma\OneDrive\SONEAR 2025\taggerlpl-nextjs\src\app\(protected)\analysis\components\metrics-framework\hooks
   C:\Users\thoma\OneDrive\SONEAR 2025\taggerlpl-nextjs\src\app\(protected)\analysis\components\shared
   C:\Users\thoma\OneDrive\SONEAR 2025\taggerlpl-nextjs\src\app\(protected)\analysis\components\shared\atoms
   C:\Users\thoma\OneDrive\SONEAR 2025\taggerlpl-nextjs\src\app\(protected)\analysis\components\shared\hooks
   C:\Users\thoma\OneDrive\SONEAR 2025\taggerlpl-nextjs\src\app\(protected)\analysis\components\shared\molecules
   C:\Users\thoma\OneDrive\SONEAR 2025\taggerlpl-nextjs\src\app\(protected)\analysis\hooks
   C:\Users\thoma\OneDrive\SONEAR 2025\taggerlpl-nextjs\src\app\(protected)\calls
   C:\Users\thoma\OneDrive\SONEAR 2025\taggerlpl-nextjs\src\app\(protected)\shared
   C:\Users\thoma\OneDrive\SONEAR 2025\taggerlpl-nextjs\src\app\(protected)\supervision
   C:\Users\thoma\OneDrive\SONEAR 2025\taggerlpl-nextjs\src\app\(protected)\supervision\components
   C:\Users\thoma\OneDrive\SONEAR 2025\taggerlpl-nextjs\src\app\(protected)\supervision\types
   C:\Users\thoma\OneDrive\SONEAR 2025\taggerlpl-nextjs\src\app\(protected)\tagging
   C:\Users\thoma\OneDrive\SONEAR 2025\taggerlpl-nextjs\src\app\(protected)\tags
   C:\Users\thoma\OneDrive\SONEAR 2025\taggerlpl-nextjs\src\app\(protected)\tags\components
   C:\Users\thoma\OneDrive\SONEAR 2025\taggerlpl-nextjs\src\components
   C:\Users\thoma\OneDrive\SONEAR 2025\taggerlpl-nextjs\src\components\CallListUnprepared
   C:\Users\thoma\OneDrive\SONEAR 2025\taggerlpl-nextjs\src\components\CallListUnprepared\components
   C:\Users\thoma\OneDrive\SONEAR 2025\taggerlpl-nextjs\src\components\CallListUnprepared\hooks
   C:\Users\thoma\OneDrive\SONEAR 2025\taggerlpl-nextjs\src\components\SimpleWorkdriveExplorer
   C:\Users\thoma\OneDrive\SONEAR 2025\taggerlpl-nextjs\src\components\SimpleWorkdriveExplorer\components
   C:\Users\thoma\OneDrive\SONEAR 2025\taggerlpl-nextjs\src\components\SimpleWorkdriveExplorer\hooks
   C:\Users\thoma\OneDrive\SONEAR 2025\taggerlpl-nextjs\src\components\TranscriptLPL
   C:\Users\thoma\OneDrive\SONEAR 2025\taggerlpl-nextjs\src\components\auth
   C:\Users\thoma\OneDrive\SONEAR 2025\taggerlpl-nextjs\src\components\calls
   C:\Users\thoma\OneDrive\SONEAR 2025\taggerlpl-nextjs\src\components\calls\CallTableList
   C:\Users\thoma\OneDrive\SONEAR 2025\taggerlpl-nextjs\src\components\calls\CallTableList\hooks
   C:\Users\thoma\OneDrive\SONEAR 2025\taggerlpl-nextjs\src\components\utils
   C:\Users\thoma\OneDrive\SONEAR 2025\taggerlpl-nextjs\src\context
   C:\Users\thoma\OneDrive\SONEAR 2025\taggerlpl-nextjs\src\types
